{"C:\\_burhan\\React-practise\\src\\api\\index.ts": {"path":"C:\\_burhan\\React-practise\\src\\api\\index.ts","statementMap":{"0":{"start":{"line":4,"column":21},"end":{"line":4,"column":null}},"1":{"start":{"line":6,"column":12},"end":{"line":11,"column":null}},"2":{"start":{"line":14,"column":0},"end":{"line":20,"column":null}},"3":{"start":{"line":15,"column":16},"end":{"line":15,"column":null}},"4":{"start":{"line":16,"column":2},"end":{"line":18,"column":null}},"5":{"start":{"line":17,"column":4},"end":{"line":17,"column":null}},"6":{"start":{"line":19,"column":2},"end":{"line":19,"column":null}},"7":{"start":{"line":22,"column":27},"end":{"line":42,"column":null}},"8":{"start":{"line":24,"column":21},"end":{"line":24,"column":null}},"9":{"start":{"line":25,"column":4},"end":{"line":25,"column":null}},"10":{"start":{"line":29,"column":21},"end":{"line":29,"column":null}},"11":{"start":{"line":30,"column":4},"end":{"line":30,"column":null}},"12":{"start":{"line":34,"column":21},"end":{"line":34,"column":null}},"13":{"start":{"line":35,"column":4},"end":{"line":35,"column":null}},"14":{"start":{"line":39,"column":21},"end":{"line":39,"column":null}},"15":{"start":{"line":40,"column":4},"end":{"line":40,"column":null}},"16":{"start":{"line":44,"column":23},"end":{"line":49,"column":null}},"17":{"start":{"line":46,"column":21},"end":{"line":46,"column":null}},"18":{"start":{"line":47,"column":4},"end":{"line":47,"column":null}}},"fnMap":{"0":{"name":"(anonymous_0)","decl":{"start":{"line":14,"column":29},"end":{"line":14,"column":30}},"loc":{"start":{"line":14,"column":41},"end":{"line":20,"column":1}},"line":14},"1":{"name":"(anonymous_1)","decl":{"start":{"line":23,"column":10},"end":{"line":23,"column":42}},"loc":{"start":{"line":23,"column":42},"end":{"line":26,"column":null}},"line":23},"2":{"name":"(anonymous_2)","decl":{"start":{"line":28,"column":11},"end":{"line":28,"column":18}},"loc":{"start":{"line":28,"column":51},"end":{"line":31,"column":null}},"line":28},"3":{"name":"(anonymous_3)","decl":{"start":{"line":33,"column":17},"end":{"line":33,"column":24}},"loc":{"start":{"line":33,"column":65},"end":{"line":36,"column":null}},"line":33},"4":{"name":"(anonymous_4)","decl":{"start":{"line":38,"column":17},"end":{"line":38,"column":48}},"loc":{"start":{"line":38,"column":48},"end":{"line":41,"column":null}},"line":38},"5":{"name":"(anonymous_5)","decl":{"start":{"line":45,"column":9},"end":{"line":45,"column":16}},"loc":{"start":{"line":45,"column":72},"end":{"line":48,"column":null}},"line":45}},"branchMap":{"0":{"loc":{"start":{"line":16,"column":2},"end":{"line":18,"column":null}},"type":"if","locations":[{"start":{"line":16,"column":2},"end":{"line":18,"column":null}},{"start":{},"end":{}}],"line":16}},"s":{"0":1,"1":1,"2":1,"3":23,"4":23,"5":3,"6":23,"7":1,"8":10,"9":6,"10":3,"11":1,"12":3,"13":3,"14":2,"15":2,"16":1,"17":5,"18":2},"f":{"0":23,"1":10,"2":3,"3":3,"4":2,"5":5},"b":{"0":[3,20]},"meta":{"lastBranch":1,"lastFunction":6,"lastStatement":19,"seen":{"s:4:21:4:Infinity":0,"s:6:12:11:Infinity":1,"s:14:0:20:Infinity":2,"f:14:29:14:30":0,"s:15:16:15:Infinity":3,"b:16:2:18:Infinity:undefined:undefined:undefined:undefined":0,"s:16:2:18:Infinity":4,"s:17:4:17:Infinity":5,"s:19:2:19:Infinity":6,"s:22:27:42:Infinity":7,"f:23:10:23:42":1,"s:24:21:24:Infinity":8,"s:25:4:25:Infinity":9,"f:28:11:28:18":2,"s:29:21:29:Infinity":10,"s:30:4:30:Infinity":11,"f:33:17:33:24":3,"s:34:21:34:Infinity":12,"s:35:4:35:Infinity":13,"f:38:17:38:48":4,"s:39:21:39:Infinity":14,"s:40:4:40:Infinity":15,"s:44:23:49:Infinity":16,"f:45:9:45:16":5,"s:46:21:46:Infinity":17,"s:47:4:47:Infinity":18}}}
,"C:\\_burhan\\React-practise\\src\\context\\CartContext.tsx": {"path":"C:\\_burhan\\React-practise\\src\\context\\CartContext.tsx","statementMap":{"0":{"start":{"line":17,"column":13},"end":{"line":17,"column":null}},"1":{"start":{"line":24,"column":24},"end":{"line":27,"column":null}},"2":{"start":{"line":25,"column":22},"end":{"line":25,"column":null}},"3":{"start":{"line":26,"column":4},"end":{"line":26,"column":null}},"4":{"start":{"line":29,"column":2},"end":{"line":31,"column":null}},"5":{"start":{"line":30,"column":4},"end":{"line":30,"column":null}},"6":{"start":{"line":33,"column":20},"end":{"line":47,"column":null}},"7":{"start":{"line":34,"column":4},"end":{"line":46,"column":null}},"8":{"start":{"line":35,"column":27},"end":{"line":35,"column":null}},"9":{"start":{"line":35,"column":52},"end":{"line":35,"column":82}},"10":{"start":{"line":36,"column":6},"end":{"line":43,"column":null}},"11":{"start":{"line":37,"column":8},"end":{"line":37,"column":null}},"12":{"start":{"line":38,"column":8},"end":{"line":42,"column":null}},"13":{"start":{"line":39,"column":10},"end":{"line":41,"column":null}},"14":{"start":{"line":44,"column":6},"end":{"line":44,"column":null}},"15":{"start":{"line":45,"column":6},"end":{"line":45,"column":null}},"16":{"start":{"line":49,"column":25},"end":{"line":52,"column":null}},"17":{"start":{"line":50,"column":4},"end":{"line":50,"column":null}},"18":{"start":{"line":50,"column":28},"end":{"line":50,"column":85}},"19":{"start":{"line":50,"column":55},"end":{"line":50,"column":84}},"20":{"start":{"line":51,"column":4},"end":{"line":51,"column":null}},"21":{"start":{"line":54,"column":25},"end":{"line":64,"column":null}},"22":{"start":{"line":55,"column":4},"end":{"line":58,"column":null}},"23":{"start":{"line":56,"column":6},"end":{"line":56,"column":null}},"24":{"start":{"line":57,"column":6},"end":{"line":57,"column":null}},"25":{"start":{"line":59,"column":4},"end":{"line":63,"column":null}},"26":{"start":{"line":60,"column":6},"end":{"line":62,"column":null}},"27":{"start":{"line":61,"column":8},"end":{"line":61,"column":null}},"28":{"start":{"line":66,"column":20},"end":{"line":69,"column":null}},"29":{"start":{"line":67,"column":4},"end":{"line":67,"column":null}},"30":{"start":{"line":68,"column":4},"end":{"line":68,"column":null}},"31":{"start":{"line":71,"column":21},"end":{"line":71,"column":null}},"32":{"start":{"line":71,"column":49},"end":{"line":71,"column":70}},"33":{"start":{"line":72,"column":21},"end":{"line":75,"column":null}},"34":{"start":{"line":73,"column":19},"end":{"line":73,"column":null}},"35":{"start":{"line":77,"column":2},"end":{"line":90,"column":null}}},"fnMap":{"0":{"name":"CartProvider","decl":{"start":{"line":23,"column":16},"end":{"line":23,"column":29}},"loc":{"start":{"line":23,"column":62},"end":{"line":92,"column":null}},"line":23},"1":{"name":"(anonymous_1)","decl":{"start":{"line":24,"column":49},"end":{"line":24,"column":55}},"loc":{"start":{"line":24,"column":55},"end":{"line":27,"column":3}},"line":24},"2":{"name":"(anonymous_2)","decl":{"start":{"line":29,"column":12},"end":{"line":29,"column":18}},"loc":{"start":{"line":29,"column":18},"end":{"line":31,"column":5}},"line":29},"3":{"name":"(anonymous_3)","decl":{"start":{"line":33,"column":20},"end":{"line":33,"column":21}},"loc":{"start":{"line":33,"column":42},"end":{"line":47,"column":null}},"line":33},"4":{"name":"(anonymous_4)","decl":{"start":{"line":34,"column":13},"end":{"line":34,"column":14}},"loc":{"start":{"line":34,"column":28},"end":{"line":46,"column":5}},"line":34},"5":{"name":"(anonymous_5)","decl":{"start":{"line":35,"column":42},"end":{"line":35,"column":43}},"loc":{"start":{"line":35,"column":52},"end":{"line":35,"column":82}},"line":35},"6":{"name":"(anonymous_6)","decl":{"start":{"line":38,"column":29},"end":{"line":38,"column":30}},"loc":{"start":{"line":39,"column":10},"end":{"line":41,"column":null}},"line":39},"7":{"name":"(anonymous_7)","decl":{"start":{"line":49,"column":25},"end":{"line":49,"column":26}},"loc":{"start":{"line":49,"column":48},"end":{"line":52,"column":null}},"line":49},"8":{"name":"(anonymous_8)","decl":{"start":{"line":50,"column":13},"end":{"line":50,"column":14}},"loc":{"start":{"line":50,"column":28},"end":{"line":50,"column":85}},"line":50},"9":{"name":"(anonymous_9)","decl":{"start":{"line":50,"column":45},"end":{"line":50,"column":46}},"loc":{"start":{"line":50,"column":55},"end":{"line":50,"column":84}},"line":50},"10":{"name":"(anonymous_10)","decl":{"start":{"line":54,"column":25},"end":{"line":54,"column":26}},"loc":{"start":{"line":54,"column":66},"end":{"line":64,"column":null}},"line":54},"11":{"name":"(anonymous_11)","decl":{"start":{"line":59,"column":13},"end":{"line":59,"column":14}},"loc":{"start":{"line":60,"column":6},"end":{"line":62,"column":null}},"line":60},"12":{"name":"(anonymous_12)","decl":{"start":{"line":60,"column":20},"end":{"line":60,"column":21}},"loc":{"start":{"line":61,"column":8},"end":{"line":61,"column":null}},"line":61},"13":{"name":"(anonymous_13)","decl":{"start":{"line":66,"column":20},"end":{"line":66,"column":26}},"loc":{"start":{"line":66,"column":26},"end":{"line":69,"column":null}},"line":66},"14":{"name":"(anonymous_14)","decl":{"start":{"line":71,"column":34},"end":{"line":71,"column":35}},"loc":{"start":{"line":71,"column":49},"end":{"line":71,"column":70}},"line":71},"15":{"name":"(anonymous_15)","decl":{"start":{"line":73,"column":4},"end":{"line":73,"column":5}},"loc":{"start":{"line":73,"column":19},"end":{"line":73,"column":null}},"line":73}},"branchMap":{"0":{"loc":{"start":{"line":26,"column":11},"end":{"line":26,"column":null}},"type":"cond-expr","locations":[{"start":{"line":26,"column":23},"end":{"line":26,"column":47}},{"start":{"line":26,"column":47},"end":{"line":26,"column":null}}],"line":26},"1":{"loc":{"start":{"line":36,"column":6},"end":{"line":43,"column":null}},"type":"if","locations":[{"start":{"line":36,"column":6},"end":{"line":43,"column":null}},{"start":{},"end":{}}],"line":36},"2":{"loc":{"start":{"line":39,"column":10},"end":{"line":41,"column":null}},"type":"cond-expr","locations":[{"start":{"line":40,"column":14},"end":{"line":40,"column":null}},{"start":{"line":41,"column":14},"end":{"line":41,"column":null}}],"line":39},"3":{"loc":{"start":{"line":55,"column":4},"end":{"line":58,"column":null}},"type":"if","locations":[{"start":{"line":55,"column":4},"end":{"line":58,"column":null}},{"start":{},"end":{}}],"line":55},"4":{"loc":{"start":{"line":61,"column":8},"end":{"line":61,"column":null}},"type":"cond-expr","locations":[{"start":{"line":61,"column":40},"end":{"line":61,"column":64}},{"start":{"line":61,"column":64},"end":{"line":61,"column":null}}],"line":61}},"s":{"0":1,"1":41,"2":17,"3":17,"4":41,"5":41,"6":41,"7":23,"8":23,"9":9,"10":23,"11":3,"12":3,"13":3,"14":20,"15":20,"16":41,"17":4,"18":4,"19":4,"20":4,"21":41,"22":5,"23":2,"24":2,"25":3,"26":3,"27":4,"28":41,"29":2,"30":2,"31":41,"32":27,"33":41,"34":27,"35":41},"f":{"0":41,"1":17,"2":41,"3":23,"4":23,"5":9,"6":3,"7":4,"8":4,"9":4,"10":5,"11":3,"12":4,"13":2,"14":27,"15":27},"b":{"0":[1,16],"1":[3,20],"2":[3,0],"3":[2,3],"4":[3,1]},"meta":{"lastBranch":5,"lastFunction":16,"lastStatement":36,"seen":{"s:17:13:17:Infinity":0,"f:23:16:23:29":0,"s:24:24:27:Infinity":1,"f:24:49:24:55":1,"s:25:22:25:Infinity":2,"s:26:4:26:Infinity":3,"b:26:23:26:47:26:47:26:Infinity":0,"s:29:2:31:Infinity":4,"f:29:12:29:18":2,"s:30:4:30:Infinity":5,"s:33:20:47:Infinity":6,"f:33:20:33:21":3,"s:34:4:46:Infinity":7,"f:34:13:34:14":4,"s:35:27:35:Infinity":8,"f:35:42:35:43":5,"s:35:52:35:82":9,"b:36:6:43:Infinity:undefined:undefined:undefined:undefined":1,"s:36:6:43:Infinity":10,"s:37:8:37:Infinity":11,"s:38:8:42:Infinity":12,"f:38:29:38:30":6,"s:39:10:41:Infinity":13,"b:40:14:40:Infinity:41:14:41:Infinity":2,"s:44:6:44:Infinity":14,"s:45:6:45:Infinity":15,"s:49:25:52:Infinity":16,"f:49:25:49:26":7,"s:50:4:50:Infinity":17,"f:50:13:50:14":8,"s:50:28:50:85":18,"f:50:45:50:46":9,"s:50:55:50:84":19,"s:51:4:51:Infinity":20,"s:54:25:64:Infinity":21,"f:54:25:54:26":10,"b:55:4:58:Infinity:undefined:undefined:undefined:undefined":3,"s:55:4:58:Infinity":22,"s:56:6:56:Infinity":23,"s:57:6:57:Infinity":24,"s:59:4:63:Infinity":25,"f:59:13:59:14":11,"s:60:6:62:Infinity":26,"f:60:20:60:21":12,"s:61:8:61:Infinity":27,"b:61:40:61:64:61:64:61:Infinity":4,"s:66:20:69:Infinity":28,"f:66:20:66:26":13,"s:67:4:67:Infinity":29,"s:68:4:68:Infinity":30,"s:71:21:71:Infinity":31,"f:71:34:71:35":14,"s:71:49:71:70":32,"s:72:21:75:Infinity":33,"f:73:4:73:5":15,"s:73:19:73:Infinity":34,"s:77:2:90:Infinity":35}}}
,"C:\\_burhan\\React-practise\\src\\hooks\\useCart.ts": {"path":"C:\\_burhan\\React-practise\\src\\hooks\\useCart.ts","statementMap":{"0":{"start":{"line":5,"column":8},"end":{"line":5,"column":null}},"1":{"start":{"line":6,"column":2},"end":{"line":8,"column":null}},"2":{"start":{"line":7,"column":4},"end":{"line":7,"column":null}},"3":{"start":{"line":9,"column":2},"end":{"line":9,"column":null}}},"fnMap":{"0":{"name":"useCart","decl":{"start":{"line":4,"column":16},"end":{"line":4,"column":26}},"loc":{"start":{"line":4,"column":26},"end":{"line":10,"column":null}},"line":4}},"branchMap":{"0":{"loc":{"start":{"line":6,"column":2},"end":{"line":8,"column":null}},"type":"if","locations":[{"start":{"line":6,"column":2},"end":{"line":8,"column":null}},{"start":{},"end":{}}],"line":6}},"s":{"0":43,"1":43,"2":2,"3":41},"f":{"0":43},"b":{"0":[2,41]},"meta":{"lastBranch":1,"lastFunction":1,"lastStatement":4,"seen":{"f:4:16:4:26":0,"s:5:8:5:Infinity":0,"b:6:2:8:Infinity:undefined:undefined:undefined:undefined":0,"s:6:2:8:Infinity":1,"s:7:4:7:Infinity":2,"s:9:2:9:Infinity":3}}}
,"C:\\_burhan\\React-practise\\src\\hooks\\useFetch.ts": {"path":"C:\\_burhan\\React-practise\\src\\hooks\\useFetch.ts","statementMap":{"0":{"start":{"line":11,"column":22},"end":{"line":11,"column":null}},"1":{"start":{"line":12,"column":28},"end":{"line":12,"column":null}},"2":{"start":{"line":13,"column":24},"end":{"line":13,"column":null}},"3":{"start":{"line":14,"column":42},"end":{"line":14,"column":null}},"4":{"start":{"line":16,"column":2},"end":{"line":31,"column":null}},"5":{"start":{"line":17,"column":22},"end":{"line":28,"column":null}},"6":{"start":{"line":18,"column":6},"end":{"line":18,"column":null}},"7":{"start":{"line":19,"column":6},"end":{"line":19,"column":null}},"8":{"start":{"line":20,"column":6},"end":{"line":27,"column":null}},"9":{"start":{"line":21,"column":23},"end":{"line":21,"column":null}},"10":{"start":{"line":22,"column":8},"end":{"line":22,"column":null}},"11":{"start":{"line":24,"column":8},"end":{"line":24,"column":null}},"12":{"start":{"line":26,"column":8},"end":{"line":26,"column":null}},"13":{"start":{"line":30,"column":4},"end":{"line":30,"column":null}},"14":{"start":{"line":33,"column":18},"end":{"line":33,"column":null}},"15":{"start":{"line":33,"column":24},"end":{"line":33,"column":null}},"16":{"start":{"line":33,"column":52},"end":{"line":33,"column":60}},"17":{"start":{"line":35,"column":2},"end":{"line":35,"column":null}}},"fnMap":{"0":{"name":"useFetch","decl":{"start":{"line":10,"column":16},"end":{"line":10,"column":28}},"loc":{"start":{"line":10,"column":74},"end":{"line":36,"column":null}},"line":10},"1":{"name":"(anonymous_1)","decl":{"start":{"line":16,"column":12},"end":{"line":16,"column":18}},"loc":{"start":{"line":16,"column":18},"end":{"line":31,"column":5}},"line":16},"2":{"name":"(anonymous_2)","decl":{"start":{"line":17,"column":22},"end":{"line":17,"column":34}},"loc":{"start":{"line":17,"column":34},"end":{"line":28,"column":null}},"line":17},"3":{"name":"(anonymous_3)","decl":{"start":{"line":33,"column":18},"end":{"line":33,"column":24}},"loc":{"start":{"line":33,"column":24},"end":{"line":33,"column":null}},"line":33},"4":{"name":"(anonymous_4)","decl":{"start":{"line":33,"column":42},"end":{"line":33,"column":43}},"loc":{"start":{"line":33,"column":52},"end":{"line":33,"column":60}},"line":33}},"branchMap":{"0":{"loc":{"start":{"line":24,"column":17},"end":{"line":24,"column":76}},"type":"cond-expr","locations":[{"start":{"line":24,"column":40},"end":{"line":24,"column":46}},{"start":{"line":24,"column":46},"end":{"line":24,"column":76}}],"line":24}},"s":{"0":20,"1":20,"2":20,"3":20,"4":20,"5":10,"6":10,"7":10,"8":10,"9":10,"10":7,"11":3,"12":10,"13":10,"14":20,"15":3,"16":3,"17":20},"f":{"0":20,"1":10,"2":10,"3":3,"4":3},"b":{"0":[2,1]},"meta":{"lastBranch":1,"lastFunction":5,"lastStatement":18,"seen":{"f:10:16:10:28":0,"s:11:22:11:Infinity":0,"s:12:28:12:Infinity":1,"s:13:24:13:Infinity":2,"s:14:42:14:Infinity":3,"s:16:2:31:Infinity":4,"f:16:12:16:18":1,"s:17:22:28:Infinity":5,"f:17:22:17:34":2,"s:18:6:18:Infinity":6,"s:19:6:19:Infinity":7,"s:20:6:27:Infinity":8,"s:21:23:21:Infinity":9,"s:22:8:22:Infinity":10,"s:24:8:24:Infinity":11,"b:24:40:24:46:24:46:24:76":0,"s:26:8:26:Infinity":12,"s:30:4:30:Infinity":13,"s:33:18:33:Infinity":14,"f:33:18:33:24":3,"s:33:24:33:Infinity":15,"f:33:42:33:43":4,"s:33:52:33:60":16,"s:35:2:35:Infinity":17}}}
}
